<?xml version="1.0" encoding="UTF-8"?>
<!-- Generated by org.testng.reporters.JUnitReportReporter -->
<testsuite hostname="DESKTOP-7BULRO4" failures="0" tests="3" name="com.testng.LoginTestCSV" time="16.699" errors="0" timestamp="2026-02-18T10:36:38 IST" skipped="0">
  <testcase classname="com.testng.LoginTestCSV" name="loginTest" time="6.705"/>
  <testcase classname="com.testng.LoginTestCSV" name="loginTest" time="5.670"/>
  <testcase classname="com.testng.LoginTestCSV" name="loginTest" time="4.324"/>
</testsuite> <!-- com.testng.LoginTestCSV -->
