<?xml version="1.0" encoding="UTF-8"?>
<!-- Generated by org.testng.reporters.JUnitReportReporter -->
<testsuite hostname="DESKTOP-7BULRO4" failures="0" tests="3" name="com.testng.LoginTest" time="18.510" errors="0" timestamp="2026-02-17T17:54:49 IST" skipped="0">
  <testcase classname="com.testng.LoginTest" name="loginTest" time="6.326"/>
  <testcase classname="com.testng.LoginTest" name="loginTest" time="6.820"/>
  <testcase classname="com.testng.LoginTest" name="loginTest" time="5.364"/>
</testsuite> <!-- com.testng.LoginTest -->
