<?xml version="1.0" encoding="UTF-8"?>
<!-- Generated by org.testng.reporters.JUnitReportReporter -->
<testsuite hostname="DESKTOP-7BULRO4" failures="0" tests="3" name="com.testng.LoginTestDB" time="16.228" errors="0" timestamp="2026-02-18T11:27:56 IST" skipped="0">
  <testcase classname="com.testng.LoginTestDB" name="loginTest" time="7.294"/>
  <testcase classname="com.testng.LoginTestDB" name="loginTest" time="4.376"/>
  <testcase classname="com.testng.LoginTestDB" name="loginTest" time="4.558"/>
</testsuite> <!-- com.testng.LoginTestDB -->
