<?xml version="1.0" encoding="UTF-8"?>
<!-- Generated by org.testng.reporters.JUnitReportReporter -->
<testsuite hostname="DESKTOP-7BULRO4" failures="0" tests="2" name="com.testng.BeforeAfterMethodsExample" time="9.093" errors="0" timestamp="2026-02-16T17:52:37 IST" skipped="0">
  <testcase classname="com.testng.BeforeAfterMethodsExample" name="testTwo" time="5.837"/>
  <testcase classname="com.testng.BeforeAfterMethodsExample" name="testOne" time="3.256"/>
</testsuite> <!-- com.testng.BeforeAfterMethodsExample -->
