<?xml version="1.0" encoding="UTF-8"?>
<testng-results ignored="0" total="1" passed="1" failed="0" skipped="0">
  <reporter-output>
  </reporter-output>
  <suite started-at="2026-02-18T15:06:04 IST" name="Default suite" finished-at="2026-02-18T15:06:18 IST" duration-ms="13873">
    <groups>
    </groups>
    <test started-at="2026-02-18T15:06:04 IST" name="Default test" finished-at="2026-02-18T15:06:18 IST" duration-ms="13873">
      <class name="com.testng.Assessment2">
        <test-method signature="handleAdvancedControls()[pri:0, instance:com.testng.Assessment2@411f53a0]" started-at="2026-02-18T15:06:04 IST" name="handleAdvancedControls" finished-at="2026-02-18T15:06:18 IST" duration-ms="13749" status="PASS">
          <reporter-output>
          </reporter-output>
        </test-method> <!-- handleAdvancedControls -->
      </class> <!-- com.testng.Assessment2 -->
    </test> <!-- Default test -->
  </suite> <!-- Default suite -->
</testng-results>
