<?xml version="1.0" encoding="UTF-8"?>
<!-- Generated by org.testng.reporters.JUnitReportReporter -->
<testsuite hostname="DESKTOP-7BULRO4" failures="0" tests="3" name="com.testng.DataDrivenTesting" time="19.560" errors="0" timestamp="2026-02-17T15:53:13 IST" skipped="0">
  <testcase classname="com.testng.DataDrivenTesting" name="loginTest" time="4.660"/>
  <testcase classname="com.testng.DataDrivenTesting" name="loginTest" time="9.092"/>
  <testcase classname="com.testng.DataDrivenTesting" name="loginTest" time="5.808"/>
</testsuite> <!-- com.testng.DataDrivenTesting -->
