<?xml version="1.0" encoding="UTF-8"?>
<testng-results ignored="0" total="1" passed="1" failed="0" skipped="0">
  <reporter-output>
  </reporter-output>
  <suite started-at="2026-02-20T15:33:23 IST" name="Default suite" finished-at="2026-02-20T15:33:27 IST" duration-ms="3801">
    <groups>
    </groups>
    <test started-at="2026-02-20T15:33:23 IST" name="Default test" finished-at="2026-02-20T15:33:27 IST" duration-ms="3801">
      <class name="com.api.Delete">
        <test-method signature="deleteTest()[pri:0, instance:com.api.Delete@51399530]" started-at="2026-02-20T15:33:23 IST" name="deleteTest" finished-at="2026-02-20T15:33:27 IST" duration-ms="3726" status="PASS">
          <reporter-output>
          </reporter-output>
        </test-method> <!-- deleteTest -->
      </class> <!-- com.api.Delete -->
    </test> <!-- Default test -->
  </suite> <!-- Default suite -->
</testng-results>
